#
# There is insufficient memory for the Java Runtime Environment to continue.
# Native memory allocation (mmap) failed to map 100663296 bytes for G1 virtual space
# Possible reasons:
#   The system is out of physical RAM or swap space
#   The process is running with CompressedOops enabled, and the Java Heap may be blocking the growth of the native heap
# Possible solutions:
#   Reduce memory load on the system
#   Increase physical memory or swap space
#   Check if swap backing store is full
#   Decrease Java heap size (-Xmx/-Xms)
#   Decrease number of Java threads
#   Decrease Java thread stack sizes (-Xss)
#   Set larger code cache with -XX:ReservedCodeCacheSize=
#   JVM is running with Unscaled Compressed Oops mode in which the Java heap is
#     placed in the first 4GB address space. The Java Heap base address is the
#     maximum limit for the native heap growth. Please use -XX:HeapBaseMinAddress
#     to set the Java Heap base and to place the Java Heap above 4GB virtual address.
# This output file may be truncated or incomplete.
#
#  Out of Memory Error (os_windows.cpp:3466), pid=15380, tid=17288
#
# JRE version:  (16.0.1+9) (build )
# Java VM: Java HotSpot(TM) 64-Bit Server VM (16.0.1+9-24, mixed mode, sharing, tiered, compressed oops, compressed class ptrs, g1 gc, windows-amd64)
# No core dump will be written. Minidumps are not enabled by default on client versions of Windows
#

---------------  S U M M A R Y ------------

Command Line: -javaagent:C:\Program Files\JetBrains\IntelliJ IDEA Community Edition 2021.1.2\lib\idea_rt.jar=63094:C:\Program Files\JetBrains\IntelliJ IDEA Community Edition 2021.1.2\bin -Dfile.encoding=UTF-8 LabS_Solution.Set_interface

Host: AMD Ryzen 5 3550H with Radeon Vega Mobile Gfx  , 8 cores, 5G,  Windows 10 , 64 bit Build 19041 (10.0.19041.1151)
Time: Thu Aug 19 15:45:27 2021 India Standard Time elapsed time: 0.029448 seconds (0d 0h 0m 0s)

---------------  T H R E A D  ---------------

Current thread (0x0000021a8d2673d0):  JavaThread "Unknown thread" [_thread_in_vm, id=17288, stack(0x0000008c26700000,0x0000008c26800000)]

Stack: [0x0000008c26700000,0x0000008c26800000]
Native frames: (J=compiled Java code, j=interpreted, Vv=VM code, C=native code)
V  [jvm.dll+0x6687ca]
V  [jvm.dll+0x7ca3c9]
V  [jvm.dll+0x7cbb53]
V  [jvm.dll+0x7cc1b3]
V  [jvm.dll+0x242ea5]
V  [jvm.dll+0x665589]
V  [jvm.dll+0x65a175]
V  [jvm.dll+0x2fc5ab]
V  [jvm.dll+0x3037a6]
V  [jvm.dll+0x352fee]
V  [jvm.dll+0x35321f]
V  [jvm.dll+0x2d3618]
V  [jvm.dll+0x2d4854]
V  [jvm.dll+0x79ccb1]
V  [jvm.dll+0x360de1]
V  [jvm.dll+0x77a990]
V  [jvm.dll+0x3e55af]
V  [jvm.dll+0x3e7081]
C  [jli.dll+0x52fb]
C  [ucrtbase.dll+0x21bb2]
C  [KERNEL32.DLL+0x17034]
C  [ntdll.dll+0x52651]


---------------  P R O C E S S  ---------------

Threads class SMR info:
_java_thread_list=0x00007ffd6403cbb8, length=0, elements={
}

Java Threads: ( => current thread )

Other Threads:
  0x0000021a8d2a1440 GCTaskThread "GC Thread#0" [stack: 0x0000008c26800000,0x0000008c26900000] [id=8092]
  0x0000021a8d2b0270 ConcurrentGCThread "G1 Main Marker" [stack: 0x0000008c26900000,0x0000008c26a00000] [id=21252]
  0x0000021a8d2b1410 ConcurrentGCThread "G1 Conc#0" [stack: 0x0000008c26a00000,0x0000008c26b00000] [id=4756]

[error occurred during error reporting (printing all threads), id 0xc0000005, EXCEPTION_ACCESS_VIOLATION (0xc0000005) at pc=0x00007ffd638144d7]

VM state: not at safepoint (not fully initialized)

VM Mutex/Monitor currently owned by a thread:  ([mutex/lock_event])
[0x0000021a8d2643a0] Heap_lock - owner thread: 0x0000021a8d2673d0

Heap address: 0x00000000a0e00000, size: 1522 MB, Compressed Oops mode: 32-bit

CDS archive(s) mapped at: [0x0000000000000000-0x0000000000000000-0x0000000000000000), size 0, SharedBaseAddress: 0x0000000800000000, ArchiveRelocationMode: 0.
Narrow klass base: 0x0000000000000000, Narrow klass shift: 0, Narrow klass range: 0x0

GC Precious Log:
<Empty>

Heap:
 garbage-first heap   total 0K, used 0K [0x00000000a0e00000, 0x0000000100000000)
  region size 1024K, 0 young (0K), 0 survivors (0K)

[error occurred during error reporting (printing heap information), id 0xc0000005, EXCEPTION_ACCESS_VIOLATION (0xc0000005) at pc=0x00007ffd63bf24ed]

GC Heap History (0 events):
No events

Deoptimization events (0 events):
No events

Classes unloaded (0 events):
No events

Classes redefined (0 events):
No events

Internal exceptions (0 events):
No events

Events (1 events):
Event: 0.020 Loaded shared library C:\Program Files\Java\jdk-16.0.1\bin\java.dll


Dynamic libraries:
0x00007ff6928a0000 - 0x00007ff6928b0000 	C:\Program Files\Java\jdk-16.0.1\bin\java.exe
0x00007ffdc08b0000 - 0x00007ffdc0aa5000 	C:\WINDOWS\SYSTEM32\ntdll.dll
0x00007ffdbfdf0000 - 0x00007ffdbfead000 	C:\WINDOWS\System32\KERNEL32.DLL
0x00007ffdbe240000 - 0x00007ffdbe509000 	C:\WINDOWS\System32\KERNELBASE.dll
0x00007ffdbe510000 - 0x00007ffdbe610000 	C:\WINDOWS\System32\ucrtbase.dll
0x00007ffda4a60000 - 0x00007ffda4a78000 	C:\Program Files\Java\jdk-16.0.1\bin\jli.dll
0x00007ffda4a80000 - 0x00007ffda4a99000 	C:\Program Files\Java\jdk-16.0.1\bin\VCRUNTIME140.dll
0x00007ffdbfd40000 - 0x00007ffdbfdec000 	C:\WINDOWS\System32\ADVAPI32.dll
0x00007ffdc05e0000 - 0x00007ffdc067e000 	C:\WINDOWS\System32\msvcrt.dll
0x00007ffdbf9a0000 - 0x00007ffdbfa3b000 	C:\WINDOWS\System32\sechost.dll
0x00007ffdc0720000 - 0x00007ffdc084a000 	C:\WINDOWS\System32\RPCRT4.dll
0x00007ffdbea00000 - 0x00007ffdbeba0000 	C:\WINDOWS\System32\USER32.dll
0x00007ffdbe880000 - 0x00007ffdbe8a2000 	C:\WINDOWS\System32\win32u.dll
0x00007ffdbe910000 - 0x00007ffdbe93a000 	C:\WINDOWS\System32\GDI32.dll
0x00007ffdbe610000 - 0x00007ffdbe71b000 	C:\WINDOWS\System32\gdi32full.dll
0x00007ffdbe0c0000 - 0x00007ffdbe15d000 	C:\WINDOWS\System32\msvcp_win.dll
0x00007ffdb0440000 - 0x00007ffdb06da000 	C:\WINDOWS\WinSxS\amd64_microsoft.windows.common-controls_6595b64144ccf1df_6.0.19041.1110_none_60b5254171f9507e\COMCTL32.dll
0x00007ffdb7870000 - 0x00007ffdb787a000 	C:\WINDOWS\SYSTEM32\VERSION.dll
0x00007ffdc0420000 - 0x00007ffdc0450000 	C:\WINDOWS\System32\IMM32.DLL
0x00007ffdb9680000 - 0x00007ffdb968c000 	C:\Program Files\Java\jdk-16.0.1\bin\vcruntime140_1.dll
0x00007ffd97100000 - 0x00007ffd97191000 	C:\Program Files\Java\jdk-16.0.1\bin\msvcp140.dll
0x00007ffd63530000 - 0x00007ffd640db000 	C:\Program Files\Java\jdk-16.0.1\bin\server\jvm.dll
0x00007ffdc0710000 - 0x00007ffdc0718000 	C:\WINDOWS\System32\PSAPI.DLL
0x00007ffda5ce0000 - 0x00007ffda5ce9000 	C:\WINDOWS\SYSTEM32\WSOCK32.dll
0x00007ffdb4db0000 - 0x00007ffdb4dd7000 	C:\WINDOWS\SYSTEM32\WINMM.dll
0x00007ffdbfb60000 - 0x00007ffdbfbcb000 	C:\WINDOWS\System32\WS2_32.dll
0x00007ffdbbef0000 - 0x00007ffdbbf02000 	C:\WINDOWS\SYSTEM32\kernel.appcore.dll
0x00007ffdac0d0000 - 0x00007ffdac0da000 	C:\Program Files\Java\jdk-16.0.1\bin\jimage.dll
0x00007ffdae530000 - 0x00007ffdae714000 	C:\WINDOWS\SYSTEM32\DBGHELP.DLL
0x00007ffdae380000 - 0x00007ffdae3ac000 	C:\WINDOWS\SYSTEM32\dbgcore.DLL
0x00007ffdbe030000 - 0x00007ffdbe0b3000 	C:\WINDOWS\System32\bcryptPrimitives.dll
0x00007ffdaa7d0000 - 0x00007ffdaa7de000 	C:\Program Files\Java\jdk-16.0.1\bin\instrument.dll
0x00007ffda4890000 - 0x00007ffda48b5000 	C:\Program Files\Java\jdk-16.0.1\bin\java.dll

dbghelp: loaded successfully - version: 4.0.5 - missing functions: none
symbol engine: initialized successfully - sym options: 0x614 - pdb path: .;C:\Program Files\Java\jdk-16.0.1\bin;C:\WINDOWS\SYSTEM32;C:\WINDOWS\WinSxS\amd64_microsoft.windows.common-controls_6595b64144ccf1df_6.0.19041.1110_none_60b5254171f9507e;C:\Program Files\Java\jdk-16.0.1\bin\server

VM Arguments:
jvm_args: -javaagent:C:\Program Files\JetBrains\IntelliJ IDEA Community Edition 2021.1.2\lib\idea_rt.jar=63094:C:\Program Files\JetBrains\IntelliJ IDEA Community Edition 2021.1.2\bin -Dfile.encoding=UTF-8 
java_command: LabS_Solution.Set_interface
java_class_path (initial): C:\Users\PRO-PC\IdeaProjects\DSA prcatice\out\production\DSA prcatice
Launcher Type: SUN_STANDARD

[Global flags]
     intx CICompilerCount                          = 4                                         {product} {ergonomic}
     uint ConcGCThreads                            = 2                                         {product} {ergonomic}
     uint G1ConcRefinementThreads                  = 8                                         {product} {ergonomic}
   size_t G1HeapRegionSize                         = 1048576                                   {product} {ergonomic}
    uintx GCDrainStackTargetSize                   = 64                                        {product} {ergonomic}
   size_t InitialHeapSize                          = 100663296                                 {product} {ergonomic}
   size_t MarkStackSize                            = 4194304                                   {product} {ergonomic}
   size_t MaxHeapSize                              = 1595932672                                {product} {ergonomic}
   size_t MinHeapDeltaBytes                        = 1048576                                   {product} {ergonomic}
   size_t MinHeapSize                              = 8388608                                   {product} {ergonomic}
    uintx NonNMethodCodeHeapSize                   = 5839372                                {pd product} {ergonomic}
    uintx NonProfiledCodeHeapSize                  = 122909434                              {pd product} {ergonomic}
    uintx ProfiledCodeHeapSize                     = 122909434                              {pd product} {ergonomic}
    uintx ReservedCodeCacheSize                    = 251658240                              {pd product} {ergonomic}
     bool SegmentedCodeCache                       = true                                      {product} {ergonomic}
   size_t SoftMaxHeapSize                          = 1595932672                             {manageable} {ergonomic}
     bool UseCompressedClassPointers               = true                           {product lp64_product} {ergonomic}
     bool UseCompressedOops                        = true                           {product lp64_product} {ergonomic}
     bool UseG1GC                                  = true                                      {product} {ergonomic}
     bool UseLargePagesIndividualAllocation        = false                                  {pd product} {ergonomic}

Logging:
Log output configuration:
 #0: stdout all=warning uptime,level,tags
 #1: stderr all=off uptime,level,tags

Environment Variables:
PATH=C:\Program Files\Common Files\Oracle\Java\javapath;C:\Windows\system32;C:\Windows;C:\Windows\System32\Wbem;C:\Windows\System32\WindowsPowerShell\v1.0\;C:\Windows\System32\OpenSSH\;C:\Program Files (x86)\NVIDIA Corporation\PhysX\Common;C:\Program Files\NVIDIA Corporation\NVIDIA NvDLISR;C:\WINDOWS\system32;C:\WINDOWS;C:\WINDOWS\System32\Wbem;C:\WINDOWS\System32\WindowsPowerShell\v1.0\;C:\WINDOWS\System32\OpenSSH\;C:\Users\PRO-PC\AppData\Local\Microsoft\WindowsApps;C:\Program Files\JetBrains\IntelliJ IDEA Community Edition 2021.1.2\bin;;C:\Users\PRO-PC\AppData\Local\Programs\Microsoft VS Code\bin
USERNAME=PRO-PC
OS=Windows_NT
PROCESSOR_IDENTIFIER=AMD64 Family 23 Model 24 Stepping 1, AuthenticAMD



---------------  S Y S T E M  ---------------

OS:
 Windows 10 , 64 bit Build 19041 (10.0.19041.1151)
OS uptime: 2 days 9:58 hours

CPU: total 8 (initial active 8) (8 cores per cpu, 2 threads per core) family 23 model 24 stepping 1 microcode 0x0, cx8, cmov, fxsr, ht, mmx, 3dnowpref, sse, sse2, sse3, ssse3, sse4a, sse4.1, sse4.2, popcnt, lzcnt, tsc, tscinvbit, avx, avx2, aes, clmul, bmi1, bmi2, adx, sha, fma, vzeroupper, clflush, clflushopt

Memory: 4k page, system-wide physical 6081M (597M free)
TotalPageFile size 12480M (AvailPageFile size 80M)
current process WorkingSet (physical memory assigned to process): 10M, peak: 10M
current process commit charge ("private bytes"): 59M, peak: 155M

vm_info: Java HotSpot(TM) 64-Bit Server VM (16.0.1+9-24) for windows-amd64 JRE (16.0.1+9-24), built on Mar 26 2021 19:31:42 by "mach5one" with MS VC++ 16.7 (VS2019)

END.
