#
# There is insufficient memory for the Java Runtime Environment to continue.
# Native memory allocation (mmap) failed to map 100663296 bytes for G1 virtual space
# Possible reasons:
#   The system is out of physical RAM or swap space
#   The process is running with CompressedOops enabled, and the Java Heap may be blocking the growth of the native heap
# Possible solutions:
#   Reduce memory load on the system
#   Increase physical memory or swap space
#   Check if swap backing store is full
#   Decrease Java heap size (-Xmx/-Xms)
#   Decrease number of Java threads
#   Decrease Java thread stack sizes (-Xss)
#   Set larger code cache with -XX:ReservedCodeCacheSize=
#   JVM is running with Unscaled Compressed Oops mode in which the Java heap is
#     placed in the first 4GB address space. The Java Heap base address is the
#     maximum limit for the native heap growth. Please use -XX:HeapBaseMinAddress
#     to set the Java Heap base and to place the Java Heap above 4GB virtual address.
# This output file may be truncated or incomplete.
#
#  Out of Memory Error (os_windows.cpp:3466), pid=17708, tid=5192
#
# JRE version:  (16.0.1+9) (build )
# Java VM: Java HotSpot(TM) 64-Bit Server VM (16.0.1+9-24, mixed mode, sharing, tiered, compressed oops, compressed class ptrs, g1 gc, windows-amd64)
# No core dump will be written. Minidumps are not enabled by default on client versions of Windows
#

---------------  S U M M A R Y ------------

Command Line: -javaagent:C:\Users\PRO-PC\AppData\Local\JetBrains\IntelliJ IDEA Community Edition 2021.1.2\lib\idea_rt.jar=64230:C:\Users\PRO-PC\AppData\Local\JetBrains\IntelliJ IDEA Community Edition 2021.1.2\bin -Dfile.encoding=UTF-8 DATA_Structures.Node

Host: AMD Ryzen 5 3550H with Radeon Vega Mobile Gfx  , 8 cores, 5G,  Windows 10 , 64 bit Build 19041 (10.0.19041.1023)
Time: Mon Jul 12 12:50:41 2021 India Standard Time elapsed time: 0.034049 seconds (0d 0h 0m 0s)

---------------  T H R E A D  ---------------

Current thread (0x0000019f03ff7fa0):  JavaThread "Unknown thread" [_thread_in_vm, id=5192, stack(0x000000836fc00000,0x000000836fd00000)]

Stack: [0x000000836fc00000,0x000000836fd00000]
Native frames: (J=compiled Java code, j=interpreted, Vv=VM code, C=native code)
V  [jvm.dll+0x6687ca]
V  [jvm.dll+0x7ca3c9]
V  [jvm.dll+0x7cbb53]
V  [jvm.dll+0x7cc1b3]
V  [jvm.dll+0x242ea5]
V  [jvm.dll+0x665589]
V  [jvm.dll+0x65a175]
V  [jvm.dll+0x2fc5ab]
V  [jvm.dll+0x3037a6]
V  [jvm.dll+0x352fee]
V  [jvm.dll+0x35321f]
V  [jvm.dll+0x2d3618]
V  [jvm.dll+0x2d4854]
V  [jvm.dll+0x79ccb1]
V  [jvm.dll+0x360de1]
V  [jvm.dll+0x77a990]
V  [jvm.dll+0x3e55af]
V  [jvm.dll+0x3e7081]
C  [jli.dll+0x52fb]
C  [ucrtbase.dll+0x21bb2]
C  [KERNEL32.DLL+0x17034]
C  [ntdll.dll+0x52651]


---------------  P R O C E S S  ---------------

Threads class SMR info:
_java_thread_list=0x00007ffda0a8cbb8, length=0, elements={
}

Java Threads: ( => current thread )

Other Threads:
  0x0000019f04030350 GCTaskThread "GC Thread#0" [stack: 0x000000836fd00000,0x000000836fe00000] [id=4352]
  0x0000019f0403e1f0 ConcurrentGCThread "G1 Main Marker" [stack: 0x000000836fe00000,0x000000836ff00000] [id=7568]
  0x0000019f040407a0 ConcurrentGCThread "G1 Conc#0" [stack: 0x000000836ff00000,0x0000008370000000] [id=220]

[error occurred during error reporting (printing all threads), id 0xc0000005, EXCEPTION_ACCESS_VIOLATION (0xc0000005) at pc=0x00007ffda02644d7]

VM state: not at safepoint (not fully initialized)

VM Mutex/Monitor currently owned by a thread:  ([mutex/lock_event])
[0x0000019f03ff3a50] Heap_lock - owner thread: 0x0000019f03ff7fa0

Heap address: 0x00000000a0e00000, size: 1522 MB, Compressed Oops mode: 32-bit

CDS archive(s) mapped at: [0x0000000000000000-0x0000000000000000-0x0000000000000000), size 0, SharedBaseAddress: 0x0000000800000000, ArchiveRelocationMode: 0.
Narrow klass base: 0x0000000000000000, Narrow klass shift: 0, Narrow klass range: 0x0

GC Precious Log:
<Empty>

Heap:
 garbage-first heap   total 0K, used 0K [0x00000000a0e00000, 0x0000000100000000)
  region size 1024K, 0 young (0K), 0 survivors (0K)

[error occurred during error reporting (printing heap information), id 0xc0000005, EXCEPTION_ACCESS_VIOLATION (0xc0000005) at pc=0x00007ffda06424ed]

GC Heap History (0 events):
No events

Deoptimization events (0 events):
No events

Classes unloaded (0 events):
No events

Classes redefined (0 events):
No events

Internal exceptions (0 events):
No events

Events (1 events):
Event: 0.026 Loaded shared library C:\Program Files\Java\jdk-16.0.1\bin\java.dll


Dynamic libraries:
0x00007ff6da460000 - 0x00007ff6da470000 	C:\Program Files\Java\jdk-16.0.1\bin\java.exe
0x00007ffe27810000 - 0x00007ffe27a05000 	C:\WINDOWS\SYSTEM32\ntdll.dll
0x00007ffe27670000 - 0x00007ffe2772d000 	C:\WINDOWS\System32\KERNEL32.DLL
0x00007ffe24f50000 - 0x00007ffe25218000 	C:\WINDOWS\System32\KERNELBASE.dll
0x00007ffe25630000 - 0x00007ffe25730000 	C:\WINDOWS\System32\ucrtbase.dll
0x00007ffe03860000 - 0x00007ffe03878000 	C:\Program Files\Java\jdk-16.0.1\bin\jli.dll
0x00007ffe16940000 - 0x00007ffe16959000 	C:\Program Files\Java\jdk-16.0.1\bin\VCRUNTIME140.dll
0x00007ffe270e0000 - 0x00007ffe2718c000 	C:\WINDOWS\System32\ADVAPI32.dll
0x00007ffe275a0000 - 0x00007ffe2763e000 	C:\WINDOWS\System32\msvcrt.dll
0x00007ffe27730000 - 0x00007ffe277cb000 	C:\WINDOWS\System32\sechost.dll
0x00007ffe26480000 - 0x00007ffe265ab000 	C:\WINDOWS\System32\RPCRT4.dll
0x00007ffe26610000 - 0x00007ffe267b0000 	C:\WINDOWS\System32\USER32.dll
0x00007ffe176d0000 - 0x00007ffe1796a000 	C:\WINDOWS\WinSxS\amd64_microsoft.windows.common-controls_6595b64144ccf1df_6.0.19041.1052_none_60b8f8fd71f5e8cb\COMCTL32.dll
0x00007ffe25220000 - 0x00007ffe25242000 	C:\WINDOWS\System32\win32u.dll
0x00007ffe27640000 - 0x00007ffe2766a000 	C:\WINDOWS\System32\GDI32.dll
0x00007ffe25300000 - 0x00007ffe2540b000 	C:\WINDOWS\System32\gdi32full.dll
0x00007ffe25730000 - 0x00007ffe257cd000 	C:\WINDOWS\System32\msvcp_win.dll
0x00007ffe1d440000 - 0x00007ffe1d44a000 	C:\WINDOWS\SYSTEM32\VERSION.dll
0x00007ffe25dd0000 - 0x00007ffe25e00000 	C:\WINDOWS\System32\IMM32.DLL
0x00007ffe162c0000 - 0x00007ffe162cc000 	C:\Program Files\Java\jdk-16.0.1\bin\vcruntime140_1.dll
0x00007ffda3750000 - 0x00007ffda37e1000 	C:\Program Files\Java\jdk-16.0.1\bin\msvcp140.dll
0x00007ffd9ff80000 - 0x00007ffda0b2b000 	C:\Program Files\Java\jdk-16.0.1\bin\server\jvm.dll
0x00007ffe25d10000 - 0x00007ffe25d18000 	C:\WINDOWS\System32\PSAPI.DLL
0x00007ffe0c130000 - 0x00007ffe0c139000 	C:\WINDOWS\SYSTEM32\WSOCK32.dll
0x00007ffe1c560000 - 0x00007ffe1c587000 	C:\WINDOWS\SYSTEM32\WINMM.dll
0x00007ffe273d0000 - 0x00007ffe2743b000 	C:\WINDOWS\System32\WS2_32.dll
0x00007ffe22ea0000 - 0x00007ffe22eb2000 	C:\WINDOWS\SYSTEM32\kernel.appcore.dll
0x00007ffe15300000 - 0x00007ffe1530a000 	C:\Program Files\Java\jdk-16.0.1\bin\jimage.dll
0x00007ffe14e30000 - 0x00007ffe15014000 	C:\WINDOWS\SYSTEM32\DBGHELP.DLL
0x00007ffe14e00000 - 0x00007ffe14e2c000 	C:\WINDOWS\SYSTEM32\dbgcore.DLL
0x00007ffe25570000 - 0x00007ffe255f3000 	C:\WINDOWS\System32\bcryptPrimitives.dll
0x00007ffe0c210000 - 0x00007ffe0c21e000 	C:\Program Files\Java\jdk-16.0.1\bin\instrument.dll
0x00007ffdc5a20000 - 0x00007ffdc5a45000 	C:\Program Files\Java\jdk-16.0.1\bin\java.dll

dbghelp: loaded successfully - version: 4.0.5 - missing functions: none
symbol engine: initialized successfully - sym options: 0x614 - pdb path: .;C:\Program Files\Java\jdk-16.0.1\bin;C:\WINDOWS\SYSTEM32;C:\WINDOWS\WinSxS\amd64_microsoft.windows.common-controls_6595b64144ccf1df_6.0.19041.1052_none_60b8f8fd71f5e8cb;C:\Program Files\Java\jdk-16.0.1\bin\server

VM Arguments:
jvm_args: -javaagent:C:\Users\PRO-PC\AppData\Local\JetBrains\IntelliJ IDEA Community Edition 2021.1.2\lib\idea_rt.jar=64230:C:\Users\PRO-PC\AppData\Local\JetBrains\IntelliJ IDEA Community Edition 2021.1.2\bin -Dfile.encoding=UTF-8 
java_command: DATA_Structures.Node
java_class_path (initial): C:\Users\PRO-PC\IdeaProjects\DSA prcatice\out\production\DSA prcatice
Launcher Type: SUN_STANDARD

[Global flags]
     intx CICompilerCount                          = 4                                         {product} {ergonomic}
     uint ConcGCThreads                            = 2                                         {product} {ergonomic}
     uint G1ConcRefinementThreads                  = 8                                         {product} {ergonomic}
   size_t G1HeapRegionSize                         = 1048576                                   {product} {ergonomic}
    uintx GCDrainStackTargetSize                   = 64                                        {product} {ergonomic}
   size_t InitialHeapSize                          = 100663296                                 {product} {ergonomic}
   size_t MarkStackSize                            = 4194304                                   {product} {ergonomic}
   size_t MaxHeapSize                              = 1595932672                                {product} {ergonomic}
   size_t MinHeapDeltaBytes                        = 1048576                                   {product} {ergonomic}
   size_t MinHeapSize                              = 8388608                                   {product} {ergonomic}
    uintx NonNMethodCodeHeapSize                   = 5839372                                {pd product} {ergonomic}
    uintx NonProfiledCodeHeapSize                  = 122909434                              {pd product} {ergonomic}
    uintx ProfiledCodeHeapSize                     = 122909434                              {pd product} {ergonomic}
    uintx ReservedCodeCacheSize                    = 251658240                              {pd product} {ergonomic}
     bool SegmentedCodeCache                       = true                                      {product} {ergonomic}
   size_t SoftMaxHeapSize                          = 1595932672                             {manageable} {ergonomic}
     bool UseCompressedClassPointers               = true                           {product lp64_product} {ergonomic}
     bool UseCompressedOops                        = true                           {product lp64_product} {ergonomic}
     bool UseG1GC                                  = true                                      {product} {ergonomic}
     bool UseLargePagesIndividualAllocation        = false                                  {pd product} {ergonomic}

Logging:
Log output configuration:
 #0: stdout all=warning uptime,level,tags
 #1: stderr all=off uptime,level,tags

Environment Variables:
PATH=C:\Program Files\Common Files\Oracle\Java\javapath;C:\Windows\system32;C:\Windows;C:\Windows\System32\Wbem;C:\Windows\System32\WindowsPowerShell\v1.0\;C:\Windows\System32\OpenSSH\;C:\Program Files (x86)\NVIDIA Corporation\PhysX\Common;C:\Program Files\NVIDIA Corporation\NVIDIA NvDLISR;C:\WINDOWS\system32;C:\WINDOWS;C:\WINDOWS\System32\Wbem;C:\WINDOWS\System32\WindowsPowerShell\v1.0\;C:\WINDOWS\System32\OpenSSH\;C:\Users\PRO-PC\AppData\Local\Microsoft\WindowsApps;;C:\Users\PRO-PC\AppData\Local\Programs\Microsoft VS Code\bin;C:\Users\PRO-PC\AppData\Local\JetBrains\IntelliJ IDEA Community Edition 2021.1.2\bin;
USERNAME=PRO-PC
OS=Windows_NT
PROCESSOR_IDENTIFIER=AMD64 Family 23 Model 24 Stepping 1, AuthenticAMD



---------------  S Y S T E M  ---------------

OS:
 Windows 10 , 64 bit Build 19041 (10.0.19041.1023)
OS uptime: 0 days 14:24 hours

CPU: total 8 (initial active 8) (8 cores per cpu, 2 threads per core) family 23 model 24 stepping 1 microcode 0x0, cx8, cmov, fxsr, ht, mmx, 3dnowpref, sse, sse2, sse3, ssse3, sse4a, sse4.1, sse4.2, popcnt, lzcnt, tsc, tscinvbit, avx, avx2, aes, clmul, bmi1, bmi2, adx, sha, fma, vzeroupper, clflush, clflushopt

Memory: 4k page, system-wide physical 6081M (457M free)
TotalPageFile size 10637M (AvailPageFile size 22M)
current process WorkingSet (physical memory assigned to process): 10M, peak: 10M
current process commit charge ("private bytes"): 59M, peak: 155M

vm_info: Java HotSpot(TM) 64-Bit Server VM (16.0.1+9-24) for windows-amd64 JRE (16.0.1+9-24), built on Mar 26 2021 19:31:42 by "mach5one" with MS VC++ 16.7 (VS2019)

END.
